<?xml version="1.0" encoding="UTF-8"?>
<!-- Generated by org.testng.reporters.JUnitReportReporter -->
<testsuite hostname="ITRDev-009.local" failures="0" tests="1" name="org.example.tests.WebTablesTest" time="2.108" errors="0" timestamp="2024-08-11T18:09:55 EEST" skipped="0">
  <testcase classname="org.example.tests.WebTablesTest" name="testAddAndEditRecord" time="2.108"/>
  <system-out/>
</testsuite> <!-- org.example.tests.WebTablesTest -->
